Flow report for alu32
Fri Dec 30 18:27:35 2022
Quartus Prime Version 22.1std.0 Build 915 10/25/2022 SC Lite Edition


---------------------
; Table of Contents ;
---------------------
  1. Legal Notice
  2. Flow Summary
  3. Flow Settings
  4. Flow Non-Default Global Settings
  5. Flow Elapsed Time
  6. Flow OS Summary
  7. Flow Log
  8. Flow Messages
  9. Flow Suppressed Messages



----------------
; Legal Notice ;
----------------
Copyright (C) 2022  Intel Corporation. All rights reserved.
Your use of Intel Corporation's design tools, logic functions 
and other software and tools, and any partner logic 
functions, and any output files from any of the foregoing 
(including device programming or simulation files), and any 
associated documentation or information are expressly subject 
to the terms and conditions of the Intel Program License 
Subscription Agreement, the Intel Quartus Prime License Agreement,
the Intel FPGA IP License Agreement, or other applicable license
agreement, including, without limitation, that your use is for
the sole purpose of programming logic devices manufactured by
Intel and sold by Intel or its authorized distributors.  Please
refer to the applicable agreement for further details, at
https://fpgasoftware.intel.com/eula.



+----------------------------------------------------------------------------------+
; Flow Summary                                                                     ;
+---------------------------------+------------------------------------------------+
; Flow Status                     ; Successful - Fri Dec 30 18:27:35 2022          ;
; Quartus Prime Version           ; 22.1std.0 Build 915 10/25/2022 SC Lite Edition ;
; Revision Name                   ; alu32                                          ;
; Top-level Entity Name           ; alu32                                          ;
; Family                          ; Cyclone V                                      ;
; Device                          ; 5CGXFC7C7F23C8                                 ;
; Timing Models                   ; Final                                          ;
; Logic utilization (in ALMs)     ; 183 / 56,480 ( < 1 % )                         ;
; Total registers                 ; 77                                             ;
; Total pins                      ; 101 / 268 ( 38 % )                             ;
; Total virtual pins              ; 0                                              ;
; Total block memory bits         ; 0 / 7,024,640 ( 0 % )                          ;
; Total DSP Blocks                ; 0 / 156 ( 0 % )                                ;
; Total HSSI RX PCSs              ; 0 / 6 ( 0 % )                                  ;
; Total HSSI PMA RX Deserializers ; 0 / 6 ( 0 % )                                  ;
; Total HSSI TX PCSs              ; 0 / 6 ( 0 % )                                  ;
; Total HSSI PMA TX Serializers   ; 0 / 6 ( 0 % )                                  ;
; Total PLLs                      ; 0 / 13 ( 0 % )                                 ;
; Total DLLs                      ; 0 / 4 ( 0 % )                                  ;
+---------------------------------+------------------------------------------------+


+-----------------------------------------+
; Flow Settings                           ;
+-------------------+---------------------+
; Option            ; Setting             ;
+-------------------+---------------------+
; Start date & time ; 12/30/2022 18:18:16 ;
; Main task         ; Compilation         ;
; Revision Name     ; alu32               ;
+-------------------+---------------------+


+------------------------------------------------------------------------------------------------------------------------------------------------+
; Flow Non-Default Global Settings                                                                                                               ;
+-------------------------------------+----------------------------------------+---------------+-------------+-----------------------------------+
; Assignment Name                     ; Value                                  ; Default Value ; Entity Name ; Section Id                        ;
+-------------------------------------+----------------------------------------+---------------+-------------+-----------------------------------+
; COMPILER_SIGNATURE_ID               ; 273378275098431.167241349542181        ; --            ; --          ; --                                ;
; EDA_GENERATE_FUNCTIONAL_NETLIST     ; Off                                    ; --            ; --          ; eda_board_design_timing           ;
; EDA_GENERATE_FUNCTIONAL_NETLIST     ; Off                                    ; --            ; --          ; eda_board_design_boundary_scan    ;
; EDA_GENERATE_FUNCTIONAL_NETLIST     ; Off                                    ; --            ; --          ; eda_board_design_signal_integrity ;
; EDA_GENERATE_FUNCTIONAL_NETLIST     ; Off                                    ; --            ; --          ; eda_board_design_symbol           ;
; EDA_OUTPUT_DATA_FORMAT              ; Verilog Hdl                            ; --            ; --          ; eda_simulation                    ;
; EDA_SIMULATION_TOOL                 ; Questa Intel FPGA (Verilog)            ; <None>        ; --          ; --                                ;
; EDA_TIME_SCALE                      ; 1 ps                                   ; --            ; --          ; eda_simulation                    ;
; MAX_CORE_JUNCTION_TEMP              ; 85                                     ; --            ; --          ; --                                ;
; MIN_CORE_JUNCTION_TEMP              ; 0                                      ; --            ; --          ; --                                ;
; PARTITION_COLOR                     ; -- (Not supported for targeted family) ; --            ; --          ; Top                               ;
; PARTITION_FITTER_PRESERVATION_LEVEL ; -- (Not supported for targeted family) ; --            ; --          ; Top                               ;
; PARTITION_NETLIST_TYPE              ; -- (Not supported for targeted family) ; --            ; --          ; Top                               ;
; POWER_BOARD_THERMAL_MODEL           ; None (CONSERVATIVE)                    ; --            ; --          ; --                                ;
; POWER_PRESET_COOLING_SOLUTION       ; 23 MM HEAT SINK WITH 200 LFPM AIRFLOW  ; --            ; --          ; --                                ;
; PROJECT_OUTPUT_DIRECTORY            ; output_files                           ; --            ; --          ; --                                ;
+-------------------------------------+----------------------------------------+---------------+-------------+-----------------------------------+


+--------------------------------------------------------------------------------------------------------------------------+
; Flow Elapsed Time                                                                                                        ;
+----------------------+--------------+-------------------------+---------------------+------------------------------------+
; Module Name          ; Elapsed Time ; Average Processors Used ; Peak Virtual Memory ; Total CPU Time (on all processors) ;
+----------------------+--------------+-------------------------+---------------------+------------------------------------+
; Analysis & Synthesis ; 00:00:14     ; 1.0                     ; 486 MB              ; 00:00:27                           ;
; Fitter               ; 00:01:27     ; 1.0                     ; 1933 MB             ; 00:01:38                           ;
; Assembler            ; 00:00:36     ; 1.0                     ; 524 MB              ; 00:00:11                           ;
; Timing Analyzer      ; 00:00:11     ; 1.1                     ; 877 MB              ; 00:00:08                           ;
; EDA Netlist Writer   ; 00:00:02     ; 1.0                     ; 687 MB              ; 00:00:01                           ;
; EDA Netlist Writer   ; 00:00:01     ; 1.0                     ; 687 MB              ; 00:00:01                           ;
; EDA Netlist Writer   ; 00:00:01     ; 1.0                     ; 719 MB              ; 00:00:01                           ;
; EDA Netlist Writer   ; 00:00:01     ; 1.0                     ; 687 MB              ; 00:00:01                           ;
; EDA Netlist Writer   ; 00:00:01     ; 1.0                     ; 719 MB              ; 00:00:01                           ;
; EDA Netlist Writer   ; 00:00:01     ; 1.0                     ; 687 MB              ; 00:00:01                           ;
; EDA Netlist Writer   ; 00:00:01     ; 1.0                     ; 719 MB              ; 00:00:01                           ;
; EDA Netlist Writer   ; 00:00:00     ; 1.0                     ; 687 MB              ; 00:00:01                           ;
; EDA Netlist Writer   ; 00:00:01     ; 1.0                     ; 687 MB              ; 00:00:01                           ;
; EDA Netlist Writer   ; 00:00:01     ; 1.0                     ; 687 MB              ; 00:00:01                           ;
; EDA Netlist Writer   ; 00:00:01     ; 1.0                     ; 719 MB              ; 00:00:01                           ;
; Total                ; 00:02:39     ; --                      ; --                  ; 00:02:35                           ;
+----------------------+--------------+-------------------------+---------------------+------------------------------------+


+-------------------------------------------------------------------------------------------------+
; Flow OS Summary                                                                                 ;
+----------------------+-------------------------------+------------+------------+----------------+
; Module Name          ; Machine Hostname              ; OS Name    ; OS Version ; Processor type ;
+----------------------+-------------------------------+------------+------------+----------------+
; Analysis & Synthesis ; eren-Lenovo-ideapad-330-15IKB ; Linux Mint ; 21         ; x86_64         ;
; Fitter               ; eren-Lenovo-ideapad-330-15IKB ; Linux Mint ; 21         ; x86_64         ;
; Assembler            ; eren-Lenovo-ideapad-330-15IKB ; Linux Mint ; 21         ; x86_64         ;
; Timing Analyzer      ; eren-Lenovo-ideapad-330-15IKB ; Linux Mint ; 21         ; x86_64         ;
; EDA Netlist Writer   ; eren-Lenovo-ideapad-330-15IKB ; Linux Mint ; 21         ; x86_64         ;
; EDA Netlist Writer   ; eren-Lenovo-ideapad-330-15IKB ; Linux Mint ; 21         ; x86_64         ;
; EDA Netlist Writer   ; eren-Lenovo-ideapad-330-15IKB ; Linux Mint ; 21         ; x86_64         ;
; EDA Netlist Writer   ; eren-Lenovo-ideapad-330-15IKB ; Linux Mint ; 21         ; x86_64         ;
; EDA Netlist Writer   ; eren-Lenovo-ideapad-330-15IKB ; Linux Mint ; 21         ; x86_64         ;
; EDA Netlist Writer   ; eren-Lenovo-ideapad-330-15IKB ; Linux Mint ; 21         ; x86_64         ;
; EDA Netlist Writer   ; eren-Lenovo-ideapad-330-15IKB ; Linux Mint ; 21         ; x86_64         ;
; EDA Netlist Writer   ; eren-Lenovo-ideapad-330-15IKB ; Linux Mint ; 21         ; x86_64         ;
; EDA Netlist Writer   ; eren-Lenovo-ideapad-330-15IKB ; Linux Mint ; 21         ; x86_64         ;
; EDA Netlist Writer   ; eren-Lenovo-ideapad-330-15IKB ; Linux Mint ; 21         ; x86_64         ;
; EDA Netlist Writer   ; eren-Lenovo-ideapad-330-15IKB ; Linux Mint ; 21         ; x86_64         ;
+----------------------+-------------------------------+------------+------------+----------------+


------------
; Flow Log ;
------------
quartus_map --read_settings_files=on --write_settings_files=off alu32 -c alu32
quartus_fit --read_settings_files=off --write_settings_files=off alu32 -c alu32
quartus_asm --read_settings_files=off --write_settings_files=off alu32 -c alu32
quartus_sta alu32 -c alu32
quartus_eda --read_settings_files=off --write_settings_files=off alu32 -c alu32
quartus_eda --gen_testbench --tool=modelsim_oem --format=verilog --write_settings_files=off alu32 -c alu32 --vector_source="/home/eren/OneDrive_e.cakar2019@gtu.edu.tr/CSE Homeworks/cse331/hw2/second_part/Waveform1.vwf" --testbench_file="/home/eren/OneDrive_e.cakar2019@gtu.edu.tr/CSE Homeworks/cse331/hw2/second_part/simulation/qsim/Waveform1.vwf.vt"
quartus_eda --write_settings_files=off --simulation=on --functional=off --flatten_buses=off --timescale=1ps --tool=modelsim_oem --format=verilog --output_directory="/home/eren/OneDrive_e.cakar2019@gtu.edu.tr/CSE Homeworks/cse331/hw2/second_part/simulation/qsim/" alu32 -c alu32
quartus_eda --gen_testbench --tool=modelsim_oem --format=verilog --write_settings_files=off alu32 -c alu32 --vector_source="/home/eren/OneDrive_e.cakar2019@gtu.edu.tr/CSE Homeworks/cse331/hw2/second_part/Waveform1.vwf" --testbench_file="/home/eren/OneDrive_e.cakar2019@gtu.edu.tr/CSE Homeworks/cse331/hw2/second_part/simulation/qsim/Waveform1.vwf.vt"
quartus_eda --write_settings_files=off --simulation=on --functional=off --flatten_buses=off --timescale=1ps --tool=modelsim_oem --format=verilog --output_directory="/home/eren/OneDrive_e.cakar2019@gtu.edu.tr/CSE Homeworks/cse331/hw2/second_part/simulation/qsim/" alu32 -c alu32
quartus_eda --gen_testbench --tool=modelsim_oem --format=verilog --write_settings_files=off alu32 -c alu32 --vector_source="/home/eren/OneDrive_e.cakar2019@gtu.edu.tr/CSE Homeworks/cse331/hw2/second_part/Waveform1.vwf" --testbench_file="/home/eren/OneDrive_e.cakar2019@gtu.edu.tr/CSE Homeworks/cse331/hw2/second_part/simulation/qsim/Waveform1.vwf.vt"
quartus_eda --write_settings_files=off --simulation=on --functional=off --flatten_buses=off --timescale=1ps --tool=modelsim_oem --format=verilog --output_directory="/home/eren/OneDrive_e.cakar2019@gtu.edu.tr/CSE Homeworks/cse331/hw2/second_part/simulation/qsim/" alu32 -c alu32
quartus_eda --gen_testbench --tool=modelsim_oem --format=verilog --write_settings_files=off alu32 -c alu32 --vector_source="/home/eren/OneDrive_e.cakar2019@gtu.edu.tr/CSE Homeworks/cse331/hw2/second_part/Waveform1.vwf" --testbench_file="/home/eren/OneDrive_e.cakar2019@gtu.edu.tr/CSE Homeworks/cse331/hw2/second_part/simulation/qsim/Waveform1.vwf.vt"
quartus_eda --write_settings_files=off --simulation=on --functional=on --flatten_buses=off --tool=modelsim_oem --format=verilog --output_directory="/home/eren/OneDrive_e.cakar2019@gtu.edu.tr/CSE Homeworks/cse331/hw2/second_part/simulation/qsim/" alu32 -c alu32
quartus_eda --gen_testbench --tool=modelsim_oem --format=verilog --write_settings_files=off alu32 -c alu32 --vector_source="/home/eren/OneDrive_e.cakar2019@gtu.edu.tr/CSE Homeworks/cse331/hw3/correct previous hw/alu/Waveform.vwf" --testbench_file="/home/eren/OneDrive_e.cakar2019@gtu.edu.tr/CSE Homeworks/cse331/hw3/correct previous hw/alu/simulation/qsim/Waveform.vwf.vt"
quartus_eda --write_settings_files=off --simulation=on --functional=off --flatten_buses=off --timescale=1ps --tool=modelsim_oem --format=verilog --output_directory="/home/eren/OneDrive_e.cakar2019@gtu.edu.tr/CSE Homeworks/cse331/hw3/correct previous hw/alu/simulation/qsim/" alu32 -c alu32



