Analysis & Synthesis report for mult32
Tue Dec 27 14:15:18 2022
Quartus Prime Version 22.1std.0 Build 915 10/25/2022 SC Lite Edition


---------------------
; Table of Contents ;
---------------------
  1. Legal Notice
  2. Analysis & Synthesis Summary
  3. Analysis & Synthesis Settings
  4. Parallel Compilation
  5. Analysis & Synthesis Source Files Read
  6. Analysis & Synthesis Resource Usage Summary
  7. Analysis & Synthesis Resource Utilization by Entity
  8. State Machine - |mult32|control:control0|currentState
  9. Registers Removed During Synthesis
 10. General Register Statistics
 11. Port Connectivity Checks: "datapath:datapath0|or32:or0_32"
 12. Port Connectivity Checks: "datapath:datapath0|adder:add0|full_adder:fa5000"
 13. Port Connectivity Checks: "datapath:datapath0|adder:add0|full_adder:fa1"
 14. Port Connectivity Checks: "datapath:datapath0|adder:add0"
 15. Port Connectivity Checks: "datapath:datapath0|mux3x2_64:mm0"
 16. Post-Synthesis Netlist Statistics for Top Partition
 17. Elapsed Time Per Partition
 18. Analysis & Synthesis Messages



----------------
; Legal Notice ;
----------------
Copyright (C) 2022  Intel Corporation. All rights reserved.
Your use of Intel Corporation's design tools, logic functions 
and other software and tools, and any partner logic 
functions, and any output files from any of the foregoing 
(including device programming or simulation files), and any 
associated documentation or information are expressly subject 
to the terms and conditions of the Intel Program License 
Subscription Agreement, the Intel Quartus Prime License Agreement,
the Intel FPGA IP License Agreement, or other applicable license
agreement, including, without limitation, that your use is for
the sole purpose of programming logic devices manufactured by
Intel and sold by Intel or its authorized distributors.  Please
refer to the applicable agreement for further details, at
https://fpgasoftware.intel.com/eula.



+----------------------------------------------------------------------------------+
; Analysis & Synthesis Summary                                                     ;
+---------------------------------+------------------------------------------------+
; Analysis & Synthesis Status     ; Successful - Tue Dec 27 14:15:18 2022          ;
; Quartus Prime Version           ; 22.1std.0 Build 915 10/25/2022 SC Lite Edition ;
; Revision Name                   ; mult32                                         ;
; Top-level Entity Name           ; mult32                                         ;
; Family                          ; Cyclone V                                      ;
; Logic utilization (in ALMs)     ; N/A                                            ;
; Total registers                 ; 12                                             ;
; Total pins                      ; 104                                            ;
; Total virtual pins              ; 0                                              ;
; Total block memory bits         ; 0                                              ;
; Total DSP Blocks                ; 0                                              ;
; Total HSSI RX PCSs              ; 0                                              ;
; Total HSSI PMA RX Deserializers ; 0                                              ;
; Total HSSI TX PCSs              ; 0                                              ;
; Total HSSI PMA TX Serializers   ; 0                                              ;
; Total PLLs                      ; 0                                              ;
; Total DLLs                      ; 0                                              ;
+---------------------------------+------------------------------------------------+


+---------------------------------------------------------------------------------------------------------------------------+
; Analysis & Synthesis Settings                                                                                             ;
+---------------------------------------------------------------------------------+--------------------+--------------------+
; Option                                                                          ; Setting            ; Default Value      ;
+---------------------------------------------------------------------------------+--------------------+--------------------+
; Device                                                                          ; 5CGXFC7C7F23C8     ;                    ;
; Top-level entity name                                                           ; mult32             ; mult32             ;
; Family name                                                                     ; Cyclone V          ; Cyclone V          ;
; Use smart compilation                                                           ; Off                ; Off                ;
; Enable parallel Assembler and Timing Analyzer during compilation                ; On                 ; On                 ;
; Enable compact report table                                                     ; Off                ; Off                ;
; Restructure Multiplexers                                                        ; Auto               ; Auto               ;
; MLAB Add Timing Constraints For Mixed-Port Feed-Through Mode Setting Don't Care ; Off                ; Off                ;
; Create Debugging Nodes for IP Cores                                             ; Off                ; Off                ;
; Preserve fewer node names                                                       ; On                 ; On                 ;
; Intel FPGA IP Evaluation Mode                                                   ; Enable             ; Enable             ;
; Verilog Version                                                                 ; Verilog_2001       ; Verilog_2001       ;
; VHDL Version                                                                    ; VHDL_1993          ; VHDL_1993          ;
; State Machine Processing                                                        ; Auto               ; Auto               ;
; Safe State Machine                                                              ; Off                ; Off                ;
; Extract Verilog State Machines                                                  ; On                 ; On                 ;
; Extract VHDL State Machines                                                     ; On                 ; On                 ;
; Ignore Verilog initial constructs                                               ; Off                ; Off                ;
; Iteration limit for constant Verilog loops                                      ; 5000               ; 5000               ;
; Iteration limit for non-constant Verilog loops                                  ; 250                ; 250                ;
; Add Pass-Through Logic to Inferred RAMs                                         ; On                 ; On                 ;
; Infer RAMs from Raw Logic                                                       ; On                 ; On                 ;
; Parallel Synthesis                                                              ; On                 ; On                 ;
; DSP Block Balancing                                                             ; Auto               ; Auto               ;
; NOT Gate Push-Back                                                              ; On                 ; On                 ;
; Power-Up Don't Care                                                             ; On                 ; On                 ;
; Remove Redundant Logic Cells                                                    ; Off                ; Off                ;
; Remove Duplicate Registers                                                      ; On                 ; On                 ;
; Ignore CARRY Buffers                                                            ; Off                ; Off                ;
; Ignore CASCADE Buffers                                                          ; Off                ; Off                ;
; Ignore GLOBAL Buffers                                                           ; Off                ; Off                ;
; Ignore ROW GLOBAL Buffers                                                       ; Off                ; Off                ;
; Ignore LCELL Buffers                                                            ; Off                ; Off                ;
; Ignore SOFT Buffers                                                             ; On                 ; On                 ;
; Limit AHDL Integers to 32 Bits                                                  ; Off                ; Off                ;
; Optimization Technique                                                          ; Balanced           ; Balanced           ;
; Carry Chain Length                                                              ; 70                 ; 70                 ;
; Auto Carry Chains                                                               ; On                 ; On                 ;
; Auto Open-Drain Pins                                                            ; On                 ; On                 ;
; Perform WYSIWYG Primitive Resynthesis                                           ; Off                ; Off                ;
; Auto ROM Replacement                                                            ; On                 ; On                 ;
; Auto RAM Replacement                                                            ; On                 ; On                 ;
; Auto DSP Block Replacement                                                      ; On                 ; On                 ;
; Auto Shift Register Replacement                                                 ; Auto               ; Auto               ;
; Allow Shift Register Merging across Hierarchies                                 ; Auto               ; Auto               ;
; Auto Clock Enable Replacement                                                   ; On                 ; On                 ;
; Strict RAM Replacement                                                          ; Off                ; Off                ;
; Allow Synchronous Control Signals                                               ; On                 ; On                 ;
; Force Use of Synchronous Clear Signals                                          ; Off                ; Off                ;
; Auto Resource Sharing                                                           ; Off                ; Off                ;
; Allow Any RAM Size For Recognition                                              ; Off                ; Off                ;
; Allow Any ROM Size For Recognition                                              ; Off                ; Off                ;
; Allow Any Shift Register Size For Recognition                                   ; Off                ; Off                ;
; Use LogicLock Constraints during Resource Balancing                             ; On                 ; On                 ;
; Ignore translate_off and synthesis_off directives                               ; Off                ; Off                ;
; Timing-Driven Synthesis                                                         ; On                 ; On                 ;
; Report Parameter Settings                                                       ; On                 ; On                 ;
; Report Source Assignments                                                       ; On                 ; On                 ;
; Report Connectivity Checks                                                      ; On                 ; On                 ;
; Ignore Maximum Fan-Out Assignments                                              ; Off                ; Off                ;
; Synchronization Register Chain Length                                           ; 3                  ; 3                  ;
; Power Optimization During Synthesis                                             ; Normal compilation ; Normal compilation ;
; HDL message level                                                               ; Level2             ; Level2             ;
; Suppress Register Optimization Related Messages                                 ; Off                ; Off                ;
; Number of Removed Registers Reported in Synthesis Report                        ; 5000               ; 5000               ;
; Number of Swept Nodes Reported in Synthesis Report                              ; 5000               ; 5000               ;
; Number of Inverted Registers Reported in Synthesis Report                       ; 100                ; 100                ;
; Clock MUX Protection                                                            ; On                 ; On                 ;
; Auto Gated Clock Conversion                                                     ; Off                ; Off                ;
; Block Design Naming                                                             ; Auto               ; Auto               ;
; SDC constraint protection                                                       ; Off                ; Off                ;
; Synthesis Effort                                                                ; Auto               ; Auto               ;
; Shift Register Replacement - Allow Asynchronous Clear Signal                    ; On                 ; On                 ;
; Pre-Mapping Resynthesis Optimization                                            ; Off                ; Off                ;
; Analysis & Synthesis Message Level                                              ; Medium             ; Medium             ;
; Disable Register Merging Across Hierarchies                                     ; Auto               ; Auto               ;
; Resource Aware Inference For Block RAM                                          ; On                 ; On                 ;
; Automatic Parallel Synthesis                                                    ; On                 ; On                 ;
; Partial Reconfiguration Bitstream ID                                            ; Off                ; Off                ;
+---------------------------------------------------------------------------------+--------------------+--------------------+


+------------------------------------------+
; Parallel Compilation                     ;
+----------------------------+-------------+
; Processors                 ; Number      ;
+----------------------------+-------------+
; Number detected on machine ; 8           ;
; Maximum allowed            ; 4           ;
;                            ;             ;
; Average used               ; 1.00        ;
; Maximum used               ; 4           ;
;                            ;             ;
; Usage by Processor         ; % Time Used ;
;     Processor 1            ; 100.0%      ;
;     Processor 2            ;   0.0%      ;
;     Processors 3-4         ;   0.0%      ;
+----------------------------+-------------+


+-------------------------------------------------------------------------------------------------------------------------------------------------------------------------------------+
; Analysis & Synthesis Source Files Read                                                                                                                                              ;
+----------------------------------+-----------------+------------------------+---------------------------------------------------------------------------------------------+---------+
; File Name with User-Entered Path ; Used in Netlist ; File Type              ; File Name with Absolute Path                                                                ; Library ;
+----------------------------------+-----------------+------------------------+---------------------------------------------------------------------------------------------+---------+
; mux2x1_32.v                      ; yes             ; User Verilog HDL File  ; /home/eren/OneDrive_e.cakar2019@gtu.edu.tr/CSE Homeworks/cse331/hw2/first_part/mux2x1_32.v  ;         ;
; full_adder.v                     ; yes             ; User Verilog HDL File  ; /home/eren/OneDrive_e.cakar2019@gtu.edu.tr/CSE Homeworks/cse331/hw2/first_part/full_adder.v ;         ;
; datapath.v                       ; yes             ; User Verilog HDL File  ; /home/eren/OneDrive_e.cakar2019@gtu.edu.tr/CSE Homeworks/cse331/hw2/first_part/datapath.v   ;         ;
; control.v                        ; yes             ; User Verilog HDL File  ; /home/eren/OneDrive_e.cakar2019@gtu.edu.tr/CSE Homeworks/cse331/hw2/first_part/control.v    ;         ;
; adder.v                          ; yes             ; User Verilog HDL File  ; /home/eren/OneDrive_e.cakar2019@gtu.edu.tr/CSE Homeworks/cse331/hw2/first_part/adder.v      ;         ;
; mult32.v                         ; yes             ; User Verilog HDL File  ; /home/eren/OneDrive_e.cakar2019@gtu.edu.tr/CSE Homeworks/cse331/hw2/first_part/mult32.v     ;         ;
; mux2x1.v                         ; yes             ; User Verilog HDL File  ; /home/eren/OneDrive_e.cakar2019@gtu.edu.tr/CSE Homeworks/cse331/hw2/first_part/mux2x1.v     ;         ;
; mux3x2_64.v                      ; yes             ; User Verilog HDL File  ; /home/eren/OneDrive_e.cakar2019@gtu.edu.tr/CSE Homeworks/cse331/hw2/first_part/mux3x2_64.v  ;         ;
; or32.v                           ; yes             ; User Verilog HDL File  ; /home/eren/OneDrive_e.cakar2019@gtu.edu.tr/CSE Homeworks/cse331/hw2/first_part/or32.v       ;         ;
+----------------------------------+-----------------+------------------------+---------------------------------------------------------------------------------------------+---------+


+-----------------------------------------------------------+
; Analysis & Synthesis Resource Usage Summary               ;
+---------------------------------------------+-------------+
; Resource                                    ; Usage       ;
+---------------------------------------------+-------------+
; Estimate of Logic utilization (ALMs needed) ; 7           ;
;                                             ;             ;
; Combinational ALUT usage for logic          ; 14          ;
;     -- 7 input functions                    ; 0           ;
;     -- 6 input functions                    ; 0           ;
;     -- 5 input functions                    ; 1           ;
;     -- 4 input functions                    ; 2           ;
;     -- <=3 input functions                  ; 11          ;
;                                             ;             ;
; Dedicated logic registers                   ; 12          ;
;                                             ;             ;
; I/O pins                                    ; 104         ;
;                                             ;             ;
; Total DSP Blocks                            ; 0           ;
;                                             ;             ;
; Maximum fan-out node                        ; clock~input ;
; Maximum fan-out                             ; 12          ;
; Total fan-out                               ; 173         ;
; Average fan-out                             ; 0.74        ;
+---------------------------------------------+-------------+


+---------------------------------------------------------------------------------------------------------------------------------------------------------------------------------------------+
; Analysis & Synthesis Resource Utilization by Entity                                                                                                                                         ;
+----------------------------+---------------------+---------------------------+-------------------+------------+------+--------------+--------------------------+-------------+--------------+
; Compilation Hierarchy Node ; Combinational ALUTs ; Dedicated Logic Registers ; Block Memory Bits ; DSP Blocks ; Pins ; Virtual Pins ; Full Hierarchy Name      ; Entity Name ; Library Name ;
+----------------------------+---------------------+---------------------------+-------------------+------------+------+--------------+--------------------------+-------------+--------------+
; |mult32                    ; 14 (0)              ; 12 (0)                    ; 0                 ; 0          ; 104  ; 0            ; |mult32                  ; mult32      ; work         ;
;    |control:control0|      ; 14 (14)             ; 12 (12)                   ; 0                 ; 0          ; 0    ; 0            ; |mult32|control:control0 ; control     ; work         ;
+----------------------------+---------------------+---------------------------+-------------------+------------+------+--------------+--------------------------+-------------+--------------+
Note: For table entries with two numbers listed, the numbers in parentheses indicate the number of resources of the given type used by the specific entity alone. The numbers listed outside of parentheses indicate the total resources of the given type used by the specific entity and all of its sub-entities in the hierarchy.


Encoding Type:  One-Hot
+-----------------------------------------------------------------------------------------------------------+
; State Machine - |mult32|control:control0|currentState                                                     ;
+-----------------+-----------------+-----------------+-----------------+-----------------+-----------------+
; Name            ; currentState.S3 ; currentState.S2 ; currentState.S1 ; currentState.S0 ; currentState.S4 ;
+-----------------+-----------------+-----------------+-----------------+-----------------+-----------------+
; currentState.S0 ; 0               ; 0               ; 0               ; 0               ; 0               ;
; currentState.S1 ; 0               ; 0               ; 1               ; 1               ; 0               ;
; currentState.S2 ; 0               ; 1               ; 0               ; 1               ; 0               ;
; currentState.S3 ; 1               ; 0               ; 0               ; 1               ; 0               ;
; currentState.S4 ; 0               ; 0               ; 0               ; 1               ; 1               ;
+-----------------+-----------------+-----------------+-----------------+-----------------+-----------------+


+--------------------------------------------------------------------------------+
; Registers Removed During Synthesis                                             ;
+---------------------------------------+----------------------------------------+
; Register name                         ; Reason for Removal                     ;
+---------------------------------------+----------------------------------------+
; control:control0|write                ; Stuck at GND due to stuck port data_in ;
; control:control0|currentState.S1      ; Lost fanout                            ;
; control:control0|currentState~2       ; Lost fanout                            ;
; control:control0|currentState~3       ; Lost fanout                            ;
; Total Number of Removed Registers = 4 ;                                        ;
+---------------------------------------+----------------------------------------+


+------------------------------------------------------+
; General Register Statistics                          ;
+----------------------------------------------+-------+
; Statistic                                    ; Value ;
+----------------------------------------------+-------+
; Total registers                              ; 12    ;
; Number of registers using Synchronous Clear  ; 0     ;
; Number of registers using Synchronous Load   ; 0     ;
; Number of registers using Asynchronous Clear ; 0     ;
; Number of registers using Asynchronous Load  ; 0     ;
; Number of registers using Clock Enable       ; 7     ;
; Number of registers using Preset             ; 0     ;
+----------------------------------------------+-------+


+------------------------------------------------------------+
; Port Connectivity Checks: "datapath:datapath0|or32:or0_32" ;
+------+-------+----------+----------------------------------+
; Port ; Type  ; Severity ; Details                          ;
+------+-------+----------+----------------------------------+
; a    ; Input ; Info     ; Stuck at GND                     ;
+------+-------+----------+----------------------------------+


+----------------------------------------------------------------------------------------------------------------+
; Port Connectivity Checks: "datapath:datapath0|adder:add0|full_adder:fa5000"                                    ;
+------+--------+----------+-------------------------------------------------------------------------------------+
; Port ; Type   ; Severity ; Details                                                                             ;
+------+--------+----------+-------------------------------------------------------------------------------------+
; cout ; Output ; Info     ; Connected to dangling logic. Logic that only feeds a dangling port will be removed. ;
+------+--------+----------+-------------------------------------------------------------------------------------+


+-----------------------------------------------------------------------------------------------------------------------------------------------------------------------------------------------------------------+
; Port Connectivity Checks: "datapath:datapath0|adder:add0|full_adder:fa1"                                                                                                                                        ;
+---------+-------+----------+------------------------------------------------------------------------------------------------------------------------------------------------------------------------------------+
; Port    ; Type  ; Severity ; Details                                                                                                                                                                            ;
+---------+-------+----------+------------------------------------------------------------------------------------------------------------------------------------------------------------------------------------+
; cin     ; Input ; Warning  ; Input port expression (32 bits) is wider than the input port (1 bits) it drives.  The 31 most-significant bit(s) in the expression will be dangling if they have no other fanouts. ;
; cin[-1] ; Input ; Info     ; Stuck at GND                                                                                                                                                                       ;
+---------+-------+----------+------------------------------------------------------------------------------------------------------------------------------------------------------------------------------------+


+------------------------------------------------------------------------------------------------------------------------------------------------------------------------------------------------------------------+
; Port Connectivity Checks: "datapath:datapath0|adder:add0"                                                                                                                                                        ;
+---------+--------+----------+------------------------------------------------------------------------------------------------------------------------------------------------------------------------------------+
; Port    ; Type   ; Severity ; Details                                                                                                                                                                            ;
+---------+--------+----------+------------------------------------------------------------------------------------------------------------------------------------------------------------------------------------+
; cin     ; Input  ; Warning  ; Input port expression (32 bits) is wider than the input port (1 bits) it drives.  The 31 most-significant bit(s) in the expression will be dangling if they have no other fanouts. ;
; cin[-1] ; Input  ; Info     ; Stuck at GND                                                                                                                                                                       ;
; cout    ; Output ; Info     ; Connected to dangling logic. Logic that only feeds a dangling port will be removed.                                                                                                ;
+---------+--------+----------+------------------------------------------------------------------------------------------------------------------------------------------------------------------------------------+


+-----------------------------------------------------------------------------------------------------------------+
; Port Connectivity Checks: "datapath:datapath0|mux3x2_64:mm0"                                                    ;
+-------+--------+----------+-------------------------------------------------------------------------------------+
; Port  ; Type   ; Severity ; Details                                                                             ;
+-------+--------+----------+-------------------------------------------------------------------------------------+
; c[63] ; Input  ; Info     ; Stuck at GND                                                                        ;
; out   ; Output ; Info     ; Connected to dangling logic. Logic that only feeds a dangling port will be removed. ;
+-------+--------+----------+-------------------------------------------------------------------------------------+


+-----------------------------------------------------+
; Post-Synthesis Netlist Statistics for Top Partition ;
+-----------------------+-----------------------------+
; Type                  ; Count                       ;
+-----------------------+-----------------------------+
; arriav_ff             ; 12                          ;
;     ENA               ; 7                           ;
;     plain             ; 5                           ;
; arriav_lcell_comb     ; 15                          ;
;     arith             ; 6                           ;
;         1 data inputs ; 5                           ;
;         2 data inputs ; 1                           ;
;     normal            ; 9                           ;
;         0 data inputs ; 1                           ;
;         1 data inputs ; 1                           ;
;         2 data inputs ; 4                           ;
;         4 data inputs ; 2                           ;
;         5 data inputs ; 1                           ;
; boundary_port         ; 104                         ;
;                       ;                             ;
; Max LUT depth         ; 1.50                        ;
; Average LUT depth     ; 1.12                        ;
+-----------------------+-----------------------------+


+-------------------------------+
; Elapsed Time Per Partition    ;
+----------------+--------------+
; Partition Name ; Elapsed Time ;
+----------------+--------------+
; Top            ; 00:00:01     ;
+----------------+--------------+


+-------------------------------+
; Analysis & Synthesis Messages ;
+-------------------------------+
Info: *******************************************************************
Info: Running Quartus Prime Analysis & Synthesis
    Info: Version 22.1std.0 Build 915 10/25/2022 SC Lite Edition
    Info: Processing started: Tue Dec 27 14:15:03 2022
Info: Command: quartus_map --read_settings_files=on --write_settings_files=off mult32 -c mult32
Warning (18236): Number of processors has not been specified which may cause overloading on shared machines.  Set the global assignment NUM_PARALLEL_PROCESSORS in your QSF to an appropriate value for best performance.
Info (20030): Parallel compilation is enabled and will use 4 of the 4 processors detected
Info (12021): Found 1 design units, including 1 entities, in source file mux2x1_32.v
    Info (12023): Found entity 1: mux2x1_32 File: /home/eren/OneDrive_e.cakar2019@gtu.edu.tr/CSE Homeworks/cse331/hw2/first_part/mux2x1_32.v Line: 1
Info (12021): Found 1 design units, including 1 entities, in source file full_adder.v
    Info (12023): Found entity 1: full_adder File: /home/eren/OneDrive_e.cakar2019@gtu.edu.tr/CSE Homeworks/cse331/hw2/first_part/full_adder.v Line: 1
Info (12021): Found 1 design units, including 1 entities, in source file datapath.v
    Info (12023): Found entity 1: datapath File: /home/eren/OneDrive_e.cakar2019@gtu.edu.tr/CSE Homeworks/cse331/hw2/first_part/datapath.v Line: 1
Info (12021): Found 1 design units, including 1 entities, in source file control.v
    Info (12023): Found entity 1: control File: /home/eren/OneDrive_e.cakar2019@gtu.edu.tr/CSE Homeworks/cse331/hw2/first_part/control.v Line: 1
Info (12021): Found 1 design units, including 1 entities, in source file adder.v
    Info (12023): Found entity 1: adder File: /home/eren/OneDrive_e.cakar2019@gtu.edu.tr/CSE Homeworks/cse331/hw2/first_part/adder.v Line: 1
Info (12021): Found 1 design units, including 1 entities, in source file mult32.v
    Info (12023): Found entity 1: mult32 File: /home/eren/OneDrive_e.cakar2019@gtu.edu.tr/CSE Homeworks/cse331/hw2/first_part/mult32.v Line: 1
Info (12021): Found 1 design units, including 1 entities, in source file mux2x1.v
    Info (12023): Found entity 1: mux2x1 File: /home/eren/OneDrive_e.cakar2019@gtu.edu.tr/CSE Homeworks/cse331/hw2/first_part/mux2x1.v Line: 1
Info (12021): Found 1 design units, including 1 entities, in source file mux3x2_32.v
    Info (12023): Found entity 1: mux3x2_32 File: /home/eren/OneDrive_e.cakar2019@gtu.edu.tr/CSE Homeworks/cse331/hw2/first_part/mux3x2_32.v Line: 1
Info (12021): Found 1 design units, including 1 entities, in source file mux3x2_64.v
    Info (12023): Found entity 1: mux3x2_64 File: /home/eren/OneDrive_e.cakar2019@gtu.edu.tr/CSE Homeworks/cse331/hw2/first_part/mux3x2_64.v Line: 1
Info (12021): Found 1 design units, including 1 entities, in source file or32.v
    Info (12023): Found entity 1: or32 File: /home/eren/OneDrive_e.cakar2019@gtu.edu.tr/CSE Homeworks/cse331/hw2/first_part/or32.v Line: 1
Info (12021): Found 1 design units, including 1 entities, in source file equal.v
    Info (12023): Found entity 1: equal File: /home/eren/OneDrive_e.cakar2019@gtu.edu.tr/CSE Homeworks/cse331/hw2/first_part/equal.v Line: 1
Info (12127): Elaborating entity "mult32" for the top level hierarchy
Info (12128): Elaborating entity "control" for hierarchy "control:control0" File: /home/eren/OneDrive_e.cakar2019@gtu.edu.tr/CSE Homeworks/cse331/hw2/first_part/mult32.v Line: 20
Warning (10230): Verilog HDL assignment warning at control.v(50): truncated value with size 32 to match size of target (7) File: /home/eren/OneDrive_e.cakar2019@gtu.edu.tr/CSE Homeworks/cse331/hw2/first_part/control.v Line: 50
Info (10264): Verilog HDL Case Statement information at control.v(28): all case item expressions in this case statement are onehot File: /home/eren/OneDrive_e.cakar2019@gtu.edu.tr/CSE Homeworks/cse331/hw2/first_part/control.v Line: 28
Info (10264): Verilog HDL Case Statement information at control.v(61): all case item expressions in this case statement are onehot File: /home/eren/OneDrive_e.cakar2019@gtu.edu.tr/CSE Homeworks/cse331/hw2/first_part/control.v Line: 61
Info (12128): Elaborating entity "datapath" for hierarchy "datapath:datapath0" File: /home/eren/OneDrive_e.cakar2019@gtu.edu.tr/CSE Homeworks/cse331/hw2/first_part/mult32.v Line: 21
Warning (10855): Verilog HDL warning at datapath.v(13): initial value for variable product_ should be constant File: /home/eren/OneDrive_e.cakar2019@gtu.edu.tr/CSE Homeworks/cse331/hw2/first_part/datapath.v Line: 13
Warning (10739): Verilog HDL warning at datapath.v(26): actual bit length 32 differs from formal bit length 1 File: /home/eren/OneDrive_e.cakar2019@gtu.edu.tr/CSE Homeworks/cse331/hw2/first_part/datapath.v Line: 26
Info (12128): Elaborating entity "mux3x2_64" for hierarchy "datapath:datapath0|mux3x2_64:mm0" File: /home/eren/OneDrive_e.cakar2019@gtu.edu.tr/CSE Homeworks/cse331/hw2/first_part/datapath.v Line: 32
Info (12128): Elaborating entity "mux2x1_32" for hierarchy "datapath:datapath0|mux3x2_64:mm0|mux2x1_32:m0" File: /home/eren/OneDrive_e.cakar2019@gtu.edu.tr/CSE Homeworks/cse331/hw2/first_part/mux3x2_64.v Line: 12
Info (12128): Elaborating entity "mux2x1" for hierarchy "datapath:datapath0|mux3x2_64:mm0|mux2x1_32:m0|mux2x1:m0" File: /home/eren/OneDrive_e.cakar2019@gtu.edu.tr/CSE Homeworks/cse331/hw2/first_part/mux2x1_32.v Line: 7
Info (12128): Elaborating entity "adder" for hierarchy "datapath:datapath0|adder:add0" File: /home/eren/OneDrive_e.cakar2019@gtu.edu.tr/CSE Homeworks/cse331/hw2/first_part/datapath.v Line: 37
Warning (10034): Output port "cout" at adder.v(6) has no driver File: /home/eren/OneDrive_e.cakar2019@gtu.edu.tr/CSE Homeworks/cse331/hw2/first_part/adder.v Line: 6
Info (12128): Elaborating entity "full_adder" for hierarchy "datapath:datapath0|adder:add0|full_adder:fa1" File: /home/eren/OneDrive_e.cakar2019@gtu.edu.tr/CSE Homeworks/cse331/hw2/first_part/adder.v Line: 10
Info (12128): Elaborating entity "or32" for hierarchy "datapath:datapath0|or32:or0_32" File: /home/eren/OneDrive_e.cakar2019@gtu.edu.tr/CSE Homeworks/cse331/hw2/first_part/datapath.v Line: 39
Warning (12011): Net is missing source, defaulting to GND
    Warning (12110): Net "datapath:datapath0|product_[63]" is missing source, defaulting to GND File: /home/eren/OneDrive_e.cakar2019@gtu.edu.tr/CSE Homeworks/cse331/hw2/first_part/datapath.v Line: 11
    Warning (12110): Net "datapath:datapath0|product_[62]" is missing source, defaulting to GND File: /home/eren/OneDrive_e.cakar2019@gtu.edu.tr/CSE Homeworks/cse331/hw2/first_part/datapath.v Line: 11
    Warning (12110): Net "datapath:datapath0|product_[61]" is missing source, defaulting to GND File: /home/eren/OneDrive_e.cakar2019@gtu.edu.tr/CSE Homeworks/cse331/hw2/first_part/datapath.v Line: 11
    Warning (12110): Net "datapath:datapath0|product_[60]" is missing source, defaulting to GND File: /home/eren/OneDrive_e.cakar2019@gtu.edu.tr/CSE Homeworks/cse331/hw2/first_part/datapath.v Line: 11
    Warning (12110): Net "datapath:datapath0|product_[59]" is missing source, defaulting to GND File: /home/eren/OneDrive_e.cakar2019@gtu.edu.tr/CSE Homeworks/cse331/hw2/first_part/datapath.v Line: 11
    Warning (12110): Net "datapath:datapath0|product_[58]" is missing source, defaulting to GND File: /home/eren/OneDrive_e.cakar2019@gtu.edu.tr/CSE Homeworks/cse331/hw2/first_part/datapath.v Line: 11
    Warning (12110): Net "datapath:datapath0|product_[57]" is missing source, defaulting to GND File: /home/eren/OneDrive_e.cakar2019@gtu.edu.tr/CSE Homeworks/cse331/hw2/first_part/datapath.v Line: 11
    Warning (12110): Net "datapath:datapath0|product_[56]" is missing source, defaulting to GND File: /home/eren/OneDrive_e.cakar2019@gtu.edu.tr/CSE Homeworks/cse331/hw2/first_part/datapath.v Line: 11
    Warning (12110): Net "datapath:datapath0|product_[55]" is missing source, defaulting to GND File: /home/eren/OneDrive_e.cakar2019@gtu.edu.tr/CSE Homeworks/cse331/hw2/first_part/datapath.v Line: 11
    Warning (12110): Net "datapath:datapath0|product_[54]" is missing source, defaulting to GND File: /home/eren/OneDrive_e.cakar2019@gtu.edu.tr/CSE Homeworks/cse331/hw2/first_part/datapath.v Line: 11
    Warning (12110): Net "datapath:datapath0|product_[53]" is missing source, defaulting to GND File: /home/eren/OneDrive_e.cakar2019@gtu.edu.tr/CSE Homeworks/cse331/hw2/first_part/datapath.v Line: 11
    Warning (12110): Net "datapath:datapath0|product_[52]" is missing source, defaulting to GND File: /home/eren/OneDrive_e.cakar2019@gtu.edu.tr/CSE Homeworks/cse331/hw2/first_part/datapath.v Line: 11
    Warning (12110): Net "datapath:datapath0|product_[51]" is missing source, defaulting to GND File: /home/eren/OneDrive_e.cakar2019@gtu.edu.tr/CSE Homeworks/cse331/hw2/first_part/datapath.v Line: 11
    Warning (12110): Net "datapath:datapath0|product_[50]" is missing source, defaulting to GND File: /home/eren/OneDrive_e.cakar2019@gtu.edu.tr/CSE Homeworks/cse331/hw2/first_part/datapath.v Line: 11
    Warning (12110): Net "datapath:datapath0|product_[49]" is missing source, defaulting to GND File: /home/eren/OneDrive_e.cakar2019@gtu.edu.tr/CSE Homeworks/cse331/hw2/first_part/datapath.v Line: 11
    Warning (12110): Net "datapath:datapath0|product_[48]" is missing source, defaulting to GND File: /home/eren/OneDrive_e.cakar2019@gtu.edu.tr/CSE Homeworks/cse331/hw2/first_part/datapath.v Line: 11
    Warning (12110): Net "datapath:datapath0|product_[47]" is missing source, defaulting to GND File: /home/eren/OneDrive_e.cakar2019@gtu.edu.tr/CSE Homeworks/cse331/hw2/first_part/datapath.v Line: 11
    Warning (12110): Net "datapath:datapath0|product_[46]" is missing source, defaulting to GND File: /home/eren/OneDrive_e.cakar2019@gtu.edu.tr/CSE Homeworks/cse331/hw2/first_part/datapath.v Line: 11
    Warning (12110): Net "datapath:datapath0|product_[45]" is missing source, defaulting to GND File: /home/eren/OneDrive_e.cakar2019@gtu.edu.tr/CSE Homeworks/cse331/hw2/first_part/datapath.v Line: 11
    Warning (12110): Net "datapath:datapath0|product_[44]" is missing source, defaulting to GND File: /home/eren/OneDrive_e.cakar2019@gtu.edu.tr/CSE Homeworks/cse331/hw2/first_part/datapath.v Line: 11
    Warning (12110): Net "datapath:datapath0|product_[43]" is missing source, defaulting to GND File: /home/eren/OneDrive_e.cakar2019@gtu.edu.tr/CSE Homeworks/cse331/hw2/first_part/datapath.v Line: 11
    Warning (12110): Net "datapath:datapath0|product_[42]" is missing source, defaulting to GND File: /home/eren/OneDrive_e.cakar2019@gtu.edu.tr/CSE Homeworks/cse331/hw2/first_part/datapath.v Line: 11
    Warning (12110): Net "datapath:datapath0|product_[41]" is missing source, defaulting to GND File: /home/eren/OneDrive_e.cakar2019@gtu.edu.tr/CSE Homeworks/cse331/hw2/first_part/datapath.v Line: 11
    Warning (12110): Net "datapath:datapath0|product_[40]" is missing source, defaulting to GND File: /home/eren/OneDrive_e.cakar2019@gtu.edu.tr/CSE Homeworks/cse331/hw2/first_part/datapath.v Line: 11
    Warning (12110): Net "datapath:datapath0|product_[39]" is missing source, defaulting to GND File: /home/eren/OneDrive_e.cakar2019@gtu.edu.tr/CSE Homeworks/cse331/hw2/first_part/datapath.v Line: 11
    Warning (12110): Net "datapath:datapath0|product_[38]" is missing source, defaulting to GND File: /home/eren/OneDrive_e.cakar2019@gtu.edu.tr/CSE Homeworks/cse331/hw2/first_part/datapath.v Line: 11
    Warning (12110): Net "datapath:datapath0|product_[37]" is missing source, defaulting to GND File: /home/eren/OneDrive_e.cakar2019@gtu.edu.tr/CSE Homeworks/cse331/hw2/first_part/datapath.v Line: 11
    Warning (12110): Net "datapath:datapath0|product_[36]" is missing source, defaulting to GND File: /home/eren/OneDrive_e.cakar2019@gtu.edu.tr/CSE Homeworks/cse331/hw2/first_part/datapath.v Line: 11
    Warning (12110): Net "datapath:datapath0|product_[35]" is missing source, defaulting to GND File: /home/eren/OneDrive_e.cakar2019@gtu.edu.tr/CSE Homeworks/cse331/hw2/first_part/datapath.v Line: 11
    Warning (12110): Net "datapath:datapath0|product_[34]" is missing source, defaulting to GND File: /home/eren/OneDrive_e.cakar2019@gtu.edu.tr/CSE Homeworks/cse331/hw2/first_part/datapath.v Line: 11
    Warning (12110): Net "datapath:datapath0|product_[33]" is missing source, defaulting to GND File: /home/eren/OneDrive_e.cakar2019@gtu.edu.tr/CSE Homeworks/cse331/hw2/first_part/datapath.v Line: 11
    Warning (12110): Net "datapath:datapath0|product_[32]" is missing source, defaulting to GND File: /home/eren/OneDrive_e.cakar2019@gtu.edu.tr/CSE Homeworks/cse331/hw2/first_part/datapath.v Line: 11
    Warning (12110): Net "datapath:datapath0|product_[31]" is missing source, defaulting to GND File: /home/eren/OneDrive_e.cakar2019@gtu.edu.tr/CSE Homeworks/cse331/hw2/first_part/datapath.v Line: 11
    Warning (12110): Net "datapath:datapath0|product_[30]" is missing source, defaulting to GND File: /home/eren/OneDrive_e.cakar2019@gtu.edu.tr/CSE Homeworks/cse331/hw2/first_part/datapath.v Line: 11
    Warning (12110): Net "datapath:datapath0|product_[29]" is missing source, defaulting to GND File: /home/eren/OneDrive_e.cakar2019@gtu.edu.tr/CSE Homeworks/cse331/hw2/first_part/datapath.v Line: 11
    Warning (12110): Net "datapath:datapath0|product_[28]" is missing source, defaulting to GND File: /home/eren/OneDrive_e.cakar2019@gtu.edu.tr/CSE Homeworks/cse331/hw2/first_part/datapath.v Line: 11
    Warning (12110): Net "datapath:datapath0|product_[27]" is missing source, defaulting to GND File: /home/eren/OneDrive_e.cakar2019@gtu.edu.tr/CSE Homeworks/cse331/hw2/first_part/datapath.v Line: 11
    Warning (12110): Net "datapath:datapath0|product_[26]" is missing source, defaulting to GND File: /home/eren/OneDrive_e.cakar2019@gtu.edu.tr/CSE Homeworks/cse331/hw2/first_part/datapath.v Line: 11
    Warning (12110): Net "datapath:datapath0|product_[25]" is missing source, defaulting to GND File: /home/eren/OneDrive_e.cakar2019@gtu.edu.tr/CSE Homeworks/cse331/hw2/first_part/datapath.v Line: 11
    Warning (12110): Net "datapath:datapath0|product_[24]" is missing source, defaulting to GND File: /home/eren/OneDrive_e.cakar2019@gtu.edu.tr/CSE Homeworks/cse331/hw2/first_part/datapath.v Line: 11
    Warning (12110): Net "datapath:datapath0|product_[23]" is missing source, defaulting to GND File: /home/eren/OneDrive_e.cakar2019@gtu.edu.tr/CSE Homeworks/cse331/hw2/first_part/datapath.v Line: 11
    Warning (12110): Net "datapath:datapath0|product_[22]" is missing source, defaulting to GND File: /home/eren/OneDrive_e.cakar2019@gtu.edu.tr/CSE Homeworks/cse331/hw2/first_part/datapath.v Line: 11
    Warning (12110): Net "datapath:datapath0|product_[21]" is missing source, defaulting to GND File: /home/eren/OneDrive_e.cakar2019@gtu.edu.tr/CSE Homeworks/cse331/hw2/first_part/datapath.v Line: 11
    Warning (12110): Net "datapath:datapath0|product_[20]" is missing source, defaulting to GND File: /home/eren/OneDrive_e.cakar2019@gtu.edu.tr/CSE Homeworks/cse331/hw2/first_part/datapath.v Line: 11
    Warning (12110): Net "datapath:datapath0|product_[19]" is missing source, defaulting to GND File: /home/eren/OneDrive_e.cakar2019@gtu.edu.tr/CSE Homeworks/cse331/hw2/first_part/datapath.v Line: 11
    Warning (12110): Net "datapath:datapath0|product_[18]" is missing source, defaulting to GND File: /home/eren/OneDrive_e.cakar2019@gtu.edu.tr/CSE Homeworks/cse331/hw2/first_part/datapath.v Line: 11
    Warning (12110): Net "datapath:datapath0|product_[17]" is missing source, defaulting to GND File: /home/eren/OneDrive_e.cakar2019@gtu.edu.tr/CSE Homeworks/cse331/hw2/first_part/datapath.v Line: 11
    Warning (12110): Net "datapath:datapath0|product_[16]" is missing source, defaulting to GND File: /home/eren/OneDrive_e.cakar2019@gtu.edu.tr/CSE Homeworks/cse331/hw2/first_part/datapath.v Line: 11
    Warning (12110): Net "datapath:datapath0|product_[15]" is missing source, defaulting to GND File: /home/eren/OneDrive_e.cakar2019@gtu.edu.tr/CSE Homeworks/cse331/hw2/first_part/datapath.v Line: 11
    Warning (12110): Net "datapath:datapath0|product_[14]" is missing source, defaulting to GND File: /home/eren/OneDrive_e.cakar2019@gtu.edu.tr/CSE Homeworks/cse331/hw2/first_part/datapath.v Line: 11
    Warning (12110): Net "datapath:datapath0|product_[13]" is missing source, defaulting to GND File: /home/eren/OneDrive_e.cakar2019@gtu.edu.tr/CSE Homeworks/cse331/hw2/first_part/datapath.v Line: 11
    Warning (12110): Net "datapath:datapath0|product_[12]" is missing source, defaulting to GND File: /home/eren/OneDrive_e.cakar2019@gtu.edu.tr/CSE Homeworks/cse331/hw2/first_part/datapath.v Line: 11
    Warning (12110): Net "datapath:datapath0|product_[11]" is missing source, defaulting to GND File: /home/eren/OneDrive_e.cakar2019@gtu.edu.tr/CSE Homeworks/cse331/hw2/first_part/datapath.v Line: 11
    Warning (12110): Net "datapath:datapath0|product_[10]" is missing source, defaulting to GND File: /home/eren/OneDrive_e.cakar2019@gtu.edu.tr/CSE Homeworks/cse331/hw2/first_part/datapath.v Line: 11
    Warning (12110): Net "datapath:datapath0|product_[9]" is missing source, defaulting to GND File: /home/eren/OneDrive_e.cakar2019@gtu.edu.tr/CSE Homeworks/cse331/hw2/first_part/datapath.v Line: 11
    Warning (12110): Net "datapath:datapath0|product_[8]" is missing source, defaulting to GND File: /home/eren/OneDrive_e.cakar2019@gtu.edu.tr/CSE Homeworks/cse331/hw2/first_part/datapath.v Line: 11
    Warning (12110): Net "datapath:datapath0|product_[7]" is missing source, defaulting to GND File: /home/eren/OneDrive_e.cakar2019@gtu.edu.tr/CSE Homeworks/cse331/hw2/first_part/datapath.v Line: 11
    Warning (12110): Net "datapath:datapath0|product_[6]" is missing source, defaulting to GND File: /home/eren/OneDrive_e.cakar2019@gtu.edu.tr/CSE Homeworks/cse331/hw2/first_part/datapath.v Line: 11
    Warning (12110): Net "datapath:datapath0|product_[5]" is missing source, defaulting to GND File: /home/eren/OneDrive_e.cakar2019@gtu.edu.tr/CSE Homeworks/cse331/hw2/first_part/datapath.v Line: 11
    Warning (12110): Net "datapath:datapath0|product_[4]" is missing source, defaulting to GND File: /home/eren/OneDrive_e.cakar2019@gtu.edu.tr/CSE Homeworks/cse331/hw2/first_part/datapath.v Line: 11
    Warning (12110): Net "datapath:datapath0|product_[3]" is missing source, defaulting to GND File: /home/eren/OneDrive_e.cakar2019@gtu.edu.tr/CSE Homeworks/cse331/hw2/first_part/datapath.v Line: 11
    Warning (12110): Net "datapath:datapath0|product_[2]" is missing source, defaulting to GND File: /home/eren/OneDrive_e.cakar2019@gtu.edu.tr/CSE Homeworks/cse331/hw2/first_part/datapath.v Line: 11
    Warning (12110): Net "datapath:datapath0|product_[1]" is missing source, defaulting to GND File: /home/eren/OneDrive_e.cakar2019@gtu.edu.tr/CSE Homeworks/cse331/hw2/first_part/datapath.v Line: 11
    Warning (12110): Net "datapath:datapath0|product_[0]" is missing source, defaulting to GND File: /home/eren/OneDrive_e.cakar2019@gtu.edu.tr/CSE Homeworks/cse331/hw2/first_part/datapath.v Line: 11
Warning (12241): 2 hierarchies have connectivity warnings - see the Connectivity Checks report folder
Warning (13024): Output pins are stuck at VCC or GND
    Warning (13410): Pin "product[0]" is stuck at GND File: /home/eren/OneDrive_e.cakar2019@gtu.edu.tr/CSE Homeworks/cse331/hw2/first_part/mult32.v Line: 6
    Warning (13410): Pin "product[1]" is stuck at GND File: /home/eren/OneDrive_e.cakar2019@gtu.edu.tr/CSE Homeworks/cse331/hw2/first_part/mult32.v Line: 6
    Warning (13410): Pin "product[2]" is stuck at GND File: /home/eren/OneDrive_e.cakar2019@gtu.edu.tr/CSE Homeworks/cse331/hw2/first_part/mult32.v Line: 6
    Warning (13410): Pin "product[3]" is stuck at GND File: /home/eren/OneDrive_e.cakar2019@gtu.edu.tr/CSE Homeworks/cse331/hw2/first_part/mult32.v Line: 6
    Warning (13410): Pin "product[4]" is stuck at GND File: /home/eren/OneDrive_e.cakar2019@gtu.edu.tr/CSE Homeworks/cse331/hw2/first_part/mult32.v Line: 6
    Warning (13410): Pin "product[5]" is stuck at GND File: /home/eren/OneDrive_e.cakar2019@gtu.edu.tr/CSE Homeworks/cse331/hw2/first_part/mult32.v Line: 6
    Warning (13410): Pin "product[6]" is stuck at GND File: /home/eren/OneDrive_e.cakar2019@gtu.edu.tr/CSE Homeworks/cse331/hw2/first_part/mult32.v Line: 6
    Warning (13410): Pin "product[7]" is stuck at GND File: /home/eren/OneDrive_e.cakar2019@gtu.edu.tr/CSE Homeworks/cse331/hw2/first_part/mult32.v Line: 6
    Warning (13410): Pin "product[8]" is stuck at GND File: /home/eren/OneDrive_e.cakar2019@gtu.edu.tr/CSE Homeworks/cse331/hw2/first_part/mult32.v Line: 6
    Warning (13410): Pin "product[9]" is stuck at GND File: /home/eren/OneDrive_e.cakar2019@gtu.edu.tr/CSE Homeworks/cse331/hw2/first_part/mult32.v Line: 6
    Warning (13410): Pin "product[10]" is stuck at GND File: /home/eren/OneDrive_e.cakar2019@gtu.edu.tr/CSE Homeworks/cse331/hw2/first_part/mult32.v Line: 6
    Warning (13410): Pin "product[11]" is stuck at GND File: /home/eren/OneDrive_e.cakar2019@gtu.edu.tr/CSE Homeworks/cse331/hw2/first_part/mult32.v Line: 6
    Warning (13410): Pin "product[12]" is stuck at GND File: /home/eren/OneDrive_e.cakar2019@gtu.edu.tr/CSE Homeworks/cse331/hw2/first_part/mult32.v Line: 6
    Warning (13410): Pin "product[13]" is stuck at GND File: /home/eren/OneDrive_e.cakar2019@gtu.edu.tr/CSE Homeworks/cse331/hw2/first_part/mult32.v Line: 6
    Warning (13410): Pin "product[14]" is stuck at GND File: /home/eren/OneDrive_e.cakar2019@gtu.edu.tr/CSE Homeworks/cse331/hw2/first_part/mult32.v Line: 6
    Warning (13410): Pin "product[15]" is stuck at GND File: /home/eren/OneDrive_e.cakar2019@gtu.edu.tr/CSE Homeworks/cse331/hw2/first_part/mult32.v Line: 6
    Warning (13410): Pin "product[16]" is stuck at GND File: /home/eren/OneDrive_e.cakar2019@gtu.edu.tr/CSE Homeworks/cse331/hw2/first_part/mult32.v Line: 6
    Warning (13410): Pin "product[17]" is stuck at GND File: /home/eren/OneDrive_e.cakar2019@gtu.edu.tr/CSE Homeworks/cse331/hw2/first_part/mult32.v Line: 6
    Warning (13410): Pin "product[18]" is stuck at GND File: /home/eren/OneDrive_e.cakar2019@gtu.edu.tr/CSE Homeworks/cse331/hw2/first_part/mult32.v Line: 6
    Warning (13410): Pin "product[19]" is stuck at GND File: /home/eren/OneDrive_e.cakar2019@gtu.edu.tr/CSE Homeworks/cse331/hw2/first_part/mult32.v Line: 6
    Warning (13410): Pin "product[20]" is stuck at GND File: /home/eren/OneDrive_e.cakar2019@gtu.edu.tr/CSE Homeworks/cse331/hw2/first_part/mult32.v Line: 6
    Warning (13410): Pin "product[21]" is stuck at GND File: /home/eren/OneDrive_e.cakar2019@gtu.edu.tr/CSE Homeworks/cse331/hw2/first_part/mult32.v Line: 6
    Warning (13410): Pin "product[22]" is stuck at GND File: /home/eren/OneDrive_e.cakar2019@gtu.edu.tr/CSE Homeworks/cse331/hw2/first_part/mult32.v Line: 6
    Warning (13410): Pin "product[23]" is stuck at GND File: /home/eren/OneDrive_e.cakar2019@gtu.edu.tr/CSE Homeworks/cse331/hw2/first_part/mult32.v Line: 6
    Warning (13410): Pin "product[24]" is stuck at GND File: /home/eren/OneDrive_e.cakar2019@gtu.edu.tr/CSE Homeworks/cse331/hw2/first_part/mult32.v Line: 6
    Warning (13410): Pin "product[25]" is stuck at GND File: /home/eren/OneDrive_e.cakar2019@gtu.edu.tr/CSE Homeworks/cse331/hw2/first_part/mult32.v Line: 6
    Warning (13410): Pin "product[26]" is stuck at GND File: /home/eren/OneDrive_e.cakar2019@gtu.edu.tr/CSE Homeworks/cse331/hw2/first_part/mult32.v Line: 6
    Warning (13410): Pin "product[27]" is stuck at GND File: /home/eren/OneDrive_e.cakar2019@gtu.edu.tr/CSE Homeworks/cse331/hw2/first_part/mult32.v Line: 6
    Warning (13410): Pin "product[28]" is stuck at GND File: /home/eren/OneDrive_e.cakar2019@gtu.edu.tr/CSE Homeworks/cse331/hw2/first_part/mult32.v Line: 6
    Warning (13410): Pin "product[29]" is stuck at GND File: /home/eren/OneDrive_e.cakar2019@gtu.edu.tr/CSE Homeworks/cse331/hw2/first_part/mult32.v Line: 6
    Warning (13410): Pin "product[30]" is stuck at GND File: /home/eren/OneDrive_e.cakar2019@gtu.edu.tr/CSE Homeworks/cse331/hw2/first_part/mult32.v Line: 6
    Warning (13410): Pin "product[31]" is stuck at GND File: /home/eren/OneDrive_e.cakar2019@gtu.edu.tr/CSE Homeworks/cse331/hw2/first_part/mult32.v Line: 6
    Warning (13410): Pin "write1" is stuck at GND File: /home/eren/OneDrive_e.cakar2019@gtu.edu.tr/CSE Homeworks/cse331/hw2/first_part/mult32.v Line: 7
    Warning (13410): Pin "product01" is stuck at GND File: /home/eren/OneDrive_e.cakar2019@gtu.edu.tr/CSE Homeworks/cse331/hw2/first_part/mult32.v Line: 9
Info (286030): Timing-Driven Synthesis is running
Info (17049): 3 registers lost all their fanouts during netlist optimizations.
Info (16010): Generating hard_block partition "hard_block:auto_generated_inst"
    Info (16011): Adding 0 node(s), including 0 DDIO, 0 PLL, 0 transceiver and 0 LCELL
Warning (21074): Design contains 64 input pin(s) that do not drive logic
    Warning (15610): No output dependent on input pin "multiplicand[0]" File: /home/eren/OneDrive_e.cakar2019@gtu.edu.tr/CSE Homeworks/cse331/hw2/first_part/mult32.v Line: 4
    Warning (15610): No output dependent on input pin "multiplicand[1]" File: /home/eren/OneDrive_e.cakar2019@gtu.edu.tr/CSE Homeworks/cse331/hw2/first_part/mult32.v Line: 4
    Warning (15610): No output dependent on input pin "multiplicand[2]" File: /home/eren/OneDrive_e.cakar2019@gtu.edu.tr/CSE Homeworks/cse331/hw2/first_part/mult32.v Line: 4
    Warning (15610): No output dependent on input pin "multiplicand[3]" File: /home/eren/OneDrive_e.cakar2019@gtu.edu.tr/CSE Homeworks/cse331/hw2/first_part/mult32.v Line: 4
    Warning (15610): No output dependent on input pin "multiplicand[4]" File: /home/eren/OneDrive_e.cakar2019@gtu.edu.tr/CSE Homeworks/cse331/hw2/first_part/mult32.v Line: 4
    Warning (15610): No output dependent on input pin "multiplicand[5]" File: /home/eren/OneDrive_e.cakar2019@gtu.edu.tr/CSE Homeworks/cse331/hw2/first_part/mult32.v Line: 4
    Warning (15610): No output dependent on input pin "multiplicand[6]" File: /home/eren/OneDrive_e.cakar2019@gtu.edu.tr/CSE Homeworks/cse331/hw2/first_part/mult32.v Line: 4
    Warning (15610): No output dependent on input pin "multiplicand[7]" File: /home/eren/OneDrive_e.cakar2019@gtu.edu.tr/CSE Homeworks/cse331/hw2/first_part/mult32.v Line: 4
    Warning (15610): No output dependent on input pin "multiplicand[8]" File: /home/eren/OneDrive_e.cakar2019@gtu.edu.tr/CSE Homeworks/cse331/hw2/first_part/mult32.v Line: 4
    Warning (15610): No output dependent on input pin "multiplicand[9]" File: /home/eren/OneDrive_e.cakar2019@gtu.edu.tr/CSE Homeworks/cse331/hw2/first_part/mult32.v Line: 4
    Warning (15610): No output dependent on input pin "multiplicand[10]" File: /home/eren/OneDrive_e.cakar2019@gtu.edu.tr/CSE Homeworks/cse331/hw2/first_part/mult32.v Line: 4
    Warning (15610): No output dependent on input pin "multiplicand[11]" File: /home/eren/OneDrive_e.cakar2019@gtu.edu.tr/CSE Homeworks/cse331/hw2/first_part/mult32.v Line: 4
    Warning (15610): No output dependent on input pin "multiplicand[12]" File: /home/eren/OneDrive_e.cakar2019@gtu.edu.tr/CSE Homeworks/cse331/hw2/first_part/mult32.v Line: 4
    Warning (15610): No output dependent on input pin "multiplicand[13]" File: /home/eren/OneDrive_e.cakar2019@gtu.edu.tr/CSE Homeworks/cse331/hw2/first_part/mult32.v Line: 4
    Warning (15610): No output dependent on input pin "multiplicand[14]" File: /home/eren/OneDrive_e.cakar2019@gtu.edu.tr/CSE Homeworks/cse331/hw2/first_part/mult32.v Line: 4
    Warning (15610): No output dependent on input pin "multiplicand[15]" File: /home/eren/OneDrive_e.cakar2019@gtu.edu.tr/CSE Homeworks/cse331/hw2/first_part/mult32.v Line: 4
    Warning (15610): No output dependent on input pin "multiplicand[16]" File: /home/eren/OneDrive_e.cakar2019@gtu.edu.tr/CSE Homeworks/cse331/hw2/first_part/mult32.v Line: 4
    Warning (15610): No output dependent on input pin "multiplicand[17]" File: /home/eren/OneDrive_e.cakar2019@gtu.edu.tr/CSE Homeworks/cse331/hw2/first_part/mult32.v Line: 4
    Warning (15610): No output dependent on input pin "multiplicand[18]" File: /home/eren/OneDrive_e.cakar2019@gtu.edu.tr/CSE Homeworks/cse331/hw2/first_part/mult32.v Line: 4
    Warning (15610): No output dependent on input pin "multiplicand[19]" File: /home/eren/OneDrive_e.cakar2019@gtu.edu.tr/CSE Homeworks/cse331/hw2/first_part/mult32.v Line: 4
    Warning (15610): No output dependent on input pin "multiplicand[20]" File: /home/eren/OneDrive_e.cakar2019@gtu.edu.tr/CSE Homeworks/cse331/hw2/first_part/mult32.v Line: 4
    Warning (15610): No output dependent on input pin "multiplicand[21]" File: /home/eren/OneDrive_e.cakar2019@gtu.edu.tr/CSE Homeworks/cse331/hw2/first_part/mult32.v Line: 4
    Warning (15610): No output dependent on input pin "multiplicand[22]" File: /home/eren/OneDrive_e.cakar2019@gtu.edu.tr/CSE Homeworks/cse331/hw2/first_part/mult32.v Line: 4
    Warning (15610): No output dependent on input pin "multiplicand[23]" File: /home/eren/OneDrive_e.cakar2019@gtu.edu.tr/CSE Homeworks/cse331/hw2/first_part/mult32.v Line: 4
    Warning (15610): No output dependent on input pin "multiplicand[24]" File: /home/eren/OneDrive_e.cakar2019@gtu.edu.tr/CSE Homeworks/cse331/hw2/first_part/mult32.v Line: 4
    Warning (15610): No output dependent on input pin "multiplicand[25]" File: /home/eren/OneDrive_e.cakar2019@gtu.edu.tr/CSE Homeworks/cse331/hw2/first_part/mult32.v Line: 4
    Warning (15610): No output dependent on input pin "multiplicand[26]" File: /home/eren/OneDrive_e.cakar2019@gtu.edu.tr/CSE Homeworks/cse331/hw2/first_part/mult32.v Line: 4
    Warning (15610): No output dependent on input pin "multiplicand[27]" File: /home/eren/OneDrive_e.cakar2019@gtu.edu.tr/CSE Homeworks/cse331/hw2/first_part/mult32.v Line: 4
    Warning (15610): No output dependent on input pin "multiplicand[28]" File: /home/eren/OneDrive_e.cakar2019@gtu.edu.tr/CSE Homeworks/cse331/hw2/first_part/mult32.v Line: 4
    Warning (15610): No output dependent on input pin "multiplicand[29]" File: /home/eren/OneDrive_e.cakar2019@gtu.edu.tr/CSE Homeworks/cse331/hw2/first_part/mult32.v Line: 4
    Warning (15610): No output dependent on input pin "multiplicand[30]" File: /home/eren/OneDrive_e.cakar2019@gtu.edu.tr/CSE Homeworks/cse331/hw2/first_part/mult32.v Line: 4
    Warning (15610): No output dependent on input pin "multiplicand[31]" File: /home/eren/OneDrive_e.cakar2019@gtu.edu.tr/CSE Homeworks/cse331/hw2/first_part/mult32.v Line: 4
    Warning (15610): No output dependent on input pin "multiplier[0]" File: /home/eren/OneDrive_e.cakar2019@gtu.edu.tr/CSE Homeworks/cse331/hw2/first_part/mult32.v Line: 5
    Warning (15610): No output dependent on input pin "multiplier[1]" File: /home/eren/OneDrive_e.cakar2019@gtu.edu.tr/CSE Homeworks/cse331/hw2/first_part/mult32.v Line: 5
    Warning (15610): No output dependent on input pin "multiplier[2]" File: /home/eren/OneDrive_e.cakar2019@gtu.edu.tr/CSE Homeworks/cse331/hw2/first_part/mult32.v Line: 5
    Warning (15610): No output dependent on input pin "multiplier[3]" File: /home/eren/OneDrive_e.cakar2019@gtu.edu.tr/CSE Homeworks/cse331/hw2/first_part/mult32.v Line: 5
    Warning (15610): No output dependent on input pin "multiplier[4]" File: /home/eren/OneDrive_e.cakar2019@gtu.edu.tr/CSE Homeworks/cse331/hw2/first_part/mult32.v Line: 5
    Warning (15610): No output dependent on input pin "multiplier[5]" File: /home/eren/OneDrive_e.cakar2019@gtu.edu.tr/CSE Homeworks/cse331/hw2/first_part/mult32.v Line: 5
    Warning (15610): No output dependent on input pin "multiplier[6]" File: /home/eren/OneDrive_e.cakar2019@gtu.edu.tr/CSE Homeworks/cse331/hw2/first_part/mult32.v Line: 5
    Warning (15610): No output dependent on input pin "multiplier[7]" File: /home/eren/OneDrive_e.cakar2019@gtu.edu.tr/CSE Homeworks/cse331/hw2/first_part/mult32.v Line: 5
    Warning (15610): No output dependent on input pin "multiplier[8]" File: /home/eren/OneDrive_e.cakar2019@gtu.edu.tr/CSE Homeworks/cse331/hw2/first_part/mult32.v Line: 5
    Warning (15610): No output dependent on input pin "multiplier[9]" File: /home/eren/OneDrive_e.cakar2019@gtu.edu.tr/CSE Homeworks/cse331/hw2/first_part/mult32.v Line: 5
    Warning (15610): No output dependent on input pin "multiplier[10]" File: /home/eren/OneDrive_e.cakar2019@gtu.edu.tr/CSE Homeworks/cse331/hw2/first_part/mult32.v Line: 5
    Warning (15610): No output dependent on input pin "multiplier[11]" File: /home/eren/OneDrive_e.cakar2019@gtu.edu.tr/CSE Homeworks/cse331/hw2/first_part/mult32.v Line: 5
    Warning (15610): No output dependent on input pin "multiplier[12]" File: /home/eren/OneDrive_e.cakar2019@gtu.edu.tr/CSE Homeworks/cse331/hw2/first_part/mult32.v Line: 5
    Warning (15610): No output dependent on input pin "multiplier[13]" File: /home/eren/OneDrive_e.cakar2019@gtu.edu.tr/CSE Homeworks/cse331/hw2/first_part/mult32.v Line: 5
    Warning (15610): No output dependent on input pin "multiplier[14]" File: /home/eren/OneDrive_e.cakar2019@gtu.edu.tr/CSE Homeworks/cse331/hw2/first_part/mult32.v Line: 5
    Warning (15610): No output dependent on input pin "multiplier[15]" File: /home/eren/OneDrive_e.cakar2019@gtu.edu.tr/CSE Homeworks/cse331/hw2/first_part/mult32.v Line: 5
    Warning (15610): No output dependent on input pin "multiplier[16]" File: /home/eren/OneDrive_e.cakar2019@gtu.edu.tr/CSE Homeworks/cse331/hw2/first_part/mult32.v Line: 5
    Warning (15610): No output dependent on input pin "multiplier[17]" File: /home/eren/OneDrive_e.cakar2019@gtu.edu.tr/CSE Homeworks/cse331/hw2/first_part/mult32.v Line: 5
    Warning (15610): No output dependent on input pin "multiplier[18]" File: /home/eren/OneDrive_e.cakar2019@gtu.edu.tr/CSE Homeworks/cse331/hw2/first_part/mult32.v Line: 5
    Warning (15610): No output dependent on input pin "multiplier[19]" File: /home/eren/OneDrive_e.cakar2019@gtu.edu.tr/CSE Homeworks/cse331/hw2/first_part/mult32.v Line: 5
    Warning (15610): No output dependent on input pin "multiplier[20]" File: /home/eren/OneDrive_e.cakar2019@gtu.edu.tr/CSE Homeworks/cse331/hw2/first_part/mult32.v Line: 5
    Warning (15610): No output dependent on input pin "multiplier[21]" File: /home/eren/OneDrive_e.cakar2019@gtu.edu.tr/CSE Homeworks/cse331/hw2/first_part/mult32.v Line: 5
    Warning (15610): No output dependent on input pin "multiplier[22]" File: /home/eren/OneDrive_e.cakar2019@gtu.edu.tr/CSE Homeworks/cse331/hw2/first_part/mult32.v Line: 5
    Warning (15610): No output dependent on input pin "multiplier[23]" File: /home/eren/OneDrive_e.cakar2019@gtu.edu.tr/CSE Homeworks/cse331/hw2/first_part/mult32.v Line: 5
    Warning (15610): No output dependent on input pin "multiplier[24]" File: /home/eren/OneDrive_e.cakar2019@gtu.edu.tr/CSE Homeworks/cse331/hw2/first_part/mult32.v Line: 5
    Warning (15610): No output dependent on input pin "multiplier[25]" File: /home/eren/OneDrive_e.cakar2019@gtu.edu.tr/CSE Homeworks/cse331/hw2/first_part/mult32.v Line: 5
    Warning (15610): No output dependent on input pin "multiplier[26]" File: /home/eren/OneDrive_e.cakar2019@gtu.edu.tr/CSE Homeworks/cse331/hw2/first_part/mult32.v Line: 5
    Warning (15610): No output dependent on input pin "multiplier[27]" File: /home/eren/OneDrive_e.cakar2019@gtu.edu.tr/CSE Homeworks/cse331/hw2/first_part/mult32.v Line: 5
    Warning (15610): No output dependent on input pin "multiplier[28]" File: /home/eren/OneDrive_e.cakar2019@gtu.edu.tr/CSE Homeworks/cse331/hw2/first_part/mult32.v Line: 5
    Warning (15610): No output dependent on input pin "multiplier[29]" File: /home/eren/OneDrive_e.cakar2019@gtu.edu.tr/CSE Homeworks/cse331/hw2/first_part/mult32.v Line: 5
    Warning (15610): No output dependent on input pin "multiplier[30]" File: /home/eren/OneDrive_e.cakar2019@gtu.edu.tr/CSE Homeworks/cse331/hw2/first_part/mult32.v Line: 5
    Warning (15610): No output dependent on input pin "multiplier[31]" File: /home/eren/OneDrive_e.cakar2019@gtu.edu.tr/CSE Homeworks/cse331/hw2/first_part/mult32.v Line: 5
Info (21057): Implemented 118 device resources after synthesis - the final resource count might be different
    Info (21058): Implemented 66 input pins
    Info (21059): Implemented 38 output pins
    Info (21061): Implemented 14 logic cells
Info: Quartus Prime Analysis & Synthesis was successful. 0 errors, 171 warnings
    Info: Peak virtual memory: 490 megabytes
    Info: Processing ended: Tue Dec 27 14:15:18 2022
    Info: Elapsed time: 00:00:15
    Info: Total CPU time (on all processors): 00:00:41


